\BOOKMARK [1][-]{section.1}{\376\377\000I\000n\000t\000r\000o\000d\000u\000c\000t\000i\000o\000n}{}% 1
\BOOKMARK [2][-]{subsection.1.1}{\376\377\000H\000i\000s\000t\000o\000r\000y\000\040\000o\000f\000\040\000t\000h\000e\000\040\000A\000l\000g\000o\000\040\000C\000e\000n\000t\000r\000e\000\040\000M\000a\000l\000l}{section.1}% 2
\BOOKMARK [3][-]{subsubsection.1.1.1}{\376\377\000A\000l\000g\000o\000c\000e\000n\000\040\000b\000u\000i\000l\000t\000\040\000a\000\040\000d\000e\000f\000e\000c\000t\000i\000v\000e\000\040\000m\000a\000l\000l\000\040\000a\000m\000i\000d\000\040\000a\000\040\000m\000i\000n\000i\000n\000g\000\040\000r\000u\000s\000h\000,\000\040\000s\000o\000l\000d\000\040\000i\000t\000s\000\040\000p\000r\000o\000b\000l\000e\000m\000s\000\040\000a\000w\000a\000y\000\040\000a\000t\000\040\000t\000h\000e\000\040\000s\000i\000g\000h\000t\000\040\000o\000f\000\040\000a\000n\000\040\000e\000c\000o\000n\000o\000m\000i\000c\000\040\000d\000o\000w\000n\000t\000u\000r\000n}{subsection.1.1}% 3
\BOOKMARK [3][-]{subsubsection.1.1.2}{\376\377\000R\000e\000t\000i\000r\000e\000m\000e\000n\000t\000\040\000L\000i\000v\000i\000n\000g\000\040\000h\000e\000l\000p\000e\000d\000\040\000c\000h\000a\000n\000g\000e\000\040\000t\000h\000e\000\040\000t\000o\000w\000n\000,\000\040\000b\000u\000t\000\040\000n\000o\000t\000\040\000t\000h\000e\000\040\000m\000a\000l\000l\000\040\000m\000a\000i\000n\000t\000e\000n\000a\000n\000c\000e\000\040\000p\000r\000a\000c\000t\000i\000c\000e\000s}{subsection.1.1}% 4
\BOOKMARK [3][-]{subsubsection.1.1.3}{\376\377\000D\000u\000p\000l\000i\000c\000i\000t\000o\000u\000s\000\040\000b\000u\000s\000i\000n\000e\000s\000s\000m\000a\000n\000\040\000p\000u\000r\000c\000h\000a\000s\000e\000d\000\040\000t\000h\000e\000\040\000m\000a\000l\000l\000\040\000w\000i\000t\000h\000o\000u\000t\000\040\000a\000\040\000t\000h\000o\000r\000o\000u\000g\000h\000\040\000i\000n\000s\000p\000e\000c\000t\000i\000o\000n\000,\000\040\000u\000n\000w\000i\000l\000l\000i\000n\000g\000\040\000t\000o\000\040\000f\000i\000x\000\040\000b\000u\000t\000\040\000u\000n\000a\000b\000l\000e\000\040\000t\000o\000\040\000s\000e\000l\000l}{subsection.1.1}% 5
\BOOKMARK [3][-]{subsubsection.1.1.4}{\376\377\000R\000e\000g\000u\000l\000a\000t\000o\000r\000y\000\040\000a\000g\000e\000n\000c\000i\000e\000s\000\040\000a\000r\000e\000\040\000a\000l\000s\000o\000\040\000t\000o\000\040\000b\000l\000a\000m\000e}{subsection.1.1}% 6
\BOOKMARK [2][-]{subsection.1.2}{\376\377\000C\000A\000S\000T\000\040\000M\000e\000t\000h\000o\000d\000o\000l\000o\000g\000y}{section.1}% 7
\BOOKMARK [1][-]{section.2}{\376\377\000C\000A\000S\000T\000\040\000S\000t\000e\000p\000\040\0001\000:\000\040\000A\000s\000s\000e\000m\000b\000l\000e\000\040\000B\000a\000s\000i\000c\000\040\000I\000n\000f\000o\000r\000m\000a\000t\000i\000o\000n}{}% 8
\BOOKMARK [2][-]{subsection.2.1}{\376\377\000S\000y\000s\000t\000e\000m\000\040\000G\000o\000a\000l\000s}{section.2}% 9
\BOOKMARK [2][-]{subsection.2.2}{\376\377\000L\000o\000s\000s\000e\000s}{section.2}% 10
\BOOKMARK [2][-]{subsection.2.3}{\376\377\000H\000a\000z\000a\000r\000d\000s}{section.2}% 11
\BOOKMARK [2][-]{subsection.2.4}{\376\377\000S\000y\000s\000t\000e\000m\000\040\000R\000e\000q\000u\000i\000r\000e\000m\000e\000n\000t\000s\000\040\000a\000n\000d\000\040\000S\000a\000f\000e\000t\000y\000\040\000C\000o\000n\000s\000t\000r\000a\000i\000n\000t\000s}{section.2}% 12
\BOOKMARK [1][-]{section.3}{\376\377\000C\000A\000S\000T\000\040\000S\000t\000e\000p\000\040\0002\000:\000\040\000H\000i\000e\000r\000a\000r\000c\000h\000i\000c\000a\000l\000\040\000S\000a\000f\000e\000t\000y\000\040\000C\000o\000n\000t\000r\000o\000l\000\040\000S\000t\000r\000u\000c\000t\000u\000r\000e\000\040\000\050\000D\000i\000a\000g\000r\000a\000m\000\051}{}% 13
\BOOKMARK [1][-]{section.4}{\376\377\000C\000A\000S\000T\000\040\000S\000t\000e\000p\000\040\0003\000:\000\040\000B\000o\000t\000t\000o\000m\000-\000u\000p\000\040\000A\000n\000a\000l\000y\000s\000i\000s\000\040\000o\000f\000\040\000t\000h\000e\000\040\000S\000a\000f\000e\000t\000y\000\040\000C\000o\000n\000t\000r\000o\000l\000\040\000S\000t\000r\000u\000c\000t\000u\000r\000e\000\040\000C\000o\000m\000p\000o\000n\000e\000n\000t\000s}{}% 14
\BOOKMARK [2][-]{subsection.4.1}{\376\377\000F\000e\000d\000e\000r\000a\000l\000\040\000G\000o\000v\000e\000r\000n\000m\000e\000n\000t\000\040\000o\000f\000\040\000C\000a\000n\000a\000d\000a}{section.4}% 15
\BOOKMARK [2][-]{subsection.4.2}{\376\377\000O\000n\000t\000a\000r\000i\000o\000\040\000P\000r\000o\000v\000i\000n\000c\000i\000a\000l\000\040\000G\000o\000v\000e\000r\000n\000m\000e\000n\000t}{section.4}% 16
\BOOKMARK [2][-]{subsection.4.3}{\376\377\000M\000i\000n\000i\000s\000t\000r\000y\000\040\000o\000f\000\040\000L\000a\000b\000o\000u\000r\000\040\000\050\000O\000n\000t\000a\000r\000i\000o\000\051}{section.4}% 17
\BOOKMARK [2][-]{subsection.4.4}{\376\377\000M\000i\000n\000i\000s\000t\000r\000y\000\040\000o\000f\000\040\000M\000u\000n\000i\000c\000i\000p\000a\000l\000\040\000A\000f\000f\000a\000i\000r\000s\000\040\000a\000n\000d\000\040\000H\000o\000u\000s\000i\000n\000g\000\040\000\050\000O\000n\000t\000a\000r\000i\000o\000\051}{section.4}% 18
\BOOKMARK [2][-]{subsection.4.5}{\376\377\000M\000u\000n\000i\000c\000i\000p\000a\000l\000\040\000G\000o\000v\000e\000r\000n\000m\000e\000n\000t\000\040\000-\000\040\000C\000i\000t\000y\000\040\000o\000f\000\040\000E\000l\000l\000i\000o\000t\000\040\000L\000a\000k\000e}{section.4}% 19
\BOOKMARK [2][-]{subsection.4.6}{\376\377\000P\000r\000o\000f\000e\000s\000s\000i\000o\000n\000a\000l\000\040\000E\000n\000g\000i\000n\000e\000e\000r\000s\000\040\000O\000n\000t\000a\000r\000i\000o\000\040\000\050\000P\000E\000O\000\051}{section.4}% 20
\BOOKMARK [2][-]{subsection.4.7}{\376\377\000O\000n\000t\000a\000r\000i\000o\000\040\000A\000s\000s\000o\000c\000i\000a\000t\000i\000o\000n\000\040\000o\000f\000\040\000A\000r\000c\000h\000i\000t\000e\000c\000t\000s\000\040\000\050\000O\000A\000A\000\051}{section.4}% 21
\BOOKMARK [2][-]{subsection.4.8}{\376\377\000O\000n\000t\000a\000r\000i\000o\000\040\000A\000s\000s\000o\000c\000i\000a\000t\000i\000o\000n\000\040\000o\000f\000\040\000C\000e\000r\000t\000i\000f\000i\000e\000d\000\040\000E\000n\000g\000i\000n\000e\000e\000r\000i\000n\000g\000\040\000T\000e\000c\000h\000n\000i\000c\000i\000a\000n\000s\000\040\000a\000n\000d\000\040\000T\000e\000c\000h\000n\000o\000l\000o\000g\000i\000s\000t\000s\000\040\000\050\000O\000A\000C\000E\000T\000T\000\051}{section.4}% 22
\BOOKMARK [2][-]{subsection.4.9}{\376\377\000M\000a\000l\000l\000\040\000O\000w\000n\000e\000r\000s}{section.4}% 23
\BOOKMARK [2][-]{subsection.4.10}{\376\377\000B\000u\000i\000l\000d\000i\000n\000g\000\040\000D\000e\000p\000a\000r\000t\000m\000e\000n\000t\000\040\040\023\000\040\000R\000o\000b\000e\000r\000t\000\040\000W\000o\000o\000d}{section.4}% 24
\BOOKMARK [2][-]{subsection.4.11}{\376\377\000C\000i\000t\000y\000\040\000C\000o\000u\000n\000c\000i\000l\000\040\040\023\000\040\000C\000i\000t\000y\000\040\000o\000f\000\040\000E\000l\000l\000i\000o\000t\000\040\000L\000a\000k\000e}{section.4}% 25
\BOOKMARK [2][-]{subsection.4.12}{\376\377\000T\000e\000n\000a\000n\000t\000s\000\040\040\023\000\040\000O\000c\000c\000u\000p\000a\000n\000t\000s\000\040\000o\000f\000\040\000t\000h\000e\000\040\000A\000l\000g\000o\000\040\000C\000e\000n\000t\000r\000e\000\040\000M\000a\000l\000l}{section.4}% 26
\BOOKMARK [2][-]{subsection.4.13}{\376\377\000E\000m\000e\000r\000g\000e\000n\000c\000y\000\040\000S\000e\000r\000v\000i\000c\000e\000s\000\040\040\023\000\040\000E\000l\000l\000i\000o\000t\000\040\000L\000a\000k\000e\000\040\000F\000i\000r\000e\000,\000\040\000P\000o\000l\000i\000c\000e\000,\000\040\000E\000M\000S\000,\000\040\000a\000n\000d\000\040\000U\000r\000b\000a\000n\000\040\000S\000e\000a\000r\000c\000h\000\040\000a\000n\000d\000\040\000R\000e\000s\000c\000u\000e\000\040\000\050\000U\000S\000A\000R\000\051}{section.4}% 27
\BOOKMARK [2][-]{subsection.4.14}{\376\377\000A\000l\000g\000o\000m\000a\000\040\000C\000e\000n\000t\000r\000a\000l\000\040\000R\000a\000i\000l\000w\000a\000y\000\040\000\050\000A\000C\000R\000\051}{section.4}% 28
\BOOKMARK [2][-]{subsection.4.15}{\376\377\000D\000e\000s\000i\000g\000n\000\040\000a\000n\000d\000\040\000C\000o\000n\000s\000t\000r\000u\000c\000t\000i\000o\000n\000\040\000P\000e\000r\000s\000o\000n\000n\000e\000l\000\040\040\023\000\040\000A\000r\000c\000h\000i\000t\000e\000c\000t\000s\000,\000\040\000E\000n\000g\000i\000n\000e\000e\000r\000s\000,\000\040\000C\000o\000n\000t\000r\000a\000c\000t\000o\000r\000s\000\040\000\050\0001\0009\0007\0009\000\051}{section.4}% 29
\BOOKMARK [2][-]{subsection.4.16}{\376\377\000O\000p\000e\000r\000a\000t\000i\000o\000n\000\040\000a\000n\000d\000\040\000M\000a\000i\000n\000t\000e\000n\000a\000n\000c\000e\000\040\000S\000t\000a\000f\000f\000\040\040\023\000\040\000A\000l\000g\000o\000\040\000C\000e\000n\000t\000r\000e\000\040\000M\000a\000l\000l}{section.4}% 30
\BOOKMARK [1][-]{section.5}{\376\377\000E\000v\000e\000n\000t\000\040\000A\000n\000a\000l\000y\000s\000i\000s\000\040\000\050\000t\000e\000n\000t\000a\000t\000i\000v\000e\000\040\000n\000a\000m\000e\000\051}{}% 31
\BOOKMARK [2][-]{subsection.5.1}{\376\377\000F\000A\000I\000L\000U\000R\000E\000\040\000P\000O\000I\000N\000T\000S}{section.5}% 32
\BOOKMARK [2][-]{subsection.5.2}{\376\377\000S\000Y\000S\000T\000E\000M\000I\000C\000\040\000F\000A\000C\000T\000O\000R\000S}{section.5}% 33
\BOOKMARK [1][-]{section.6}{\376\377\000C\000a\000u\000s\000a\000l\000\040\000F\000a\000c\000t\000o\000r\000s\000\040\000a\000n\000d\000\040\000C\000o\000n\000t\000r\000i\000b\000u\000t\000i\000n\000g\000\040\000C\000o\000n\000d\000i\000t\000i\000o\000n\000s}{}% 34
\BOOKMARK [1][-]{section.7}{\376\377\000C\000A\000S\000T\000\040\000S\000t\000e\000p\000\040\0006}{}% 35
\BOOKMARK [2][-]{subsection.7.1}{\376\377\000D\000i\000s\000c\000u\000s\000s\000i\000o\000n}{section.7}% 36
\BOOKMARK [2][-]{subsection.7.2}{\376\377\000R\000e\000c\000o\000m\000m\000e\000n\000d\000a\000t\000i\000o\000n\000s}{section.7}% 37
\BOOKMARK [3][-]{subsubsection.7.2.1}{\376\377\000P\000r\000o\000f\000e\000s\000s\000i\000o\000n\000a\000l\000\040\000E\000n\000g\000i\000n\000e\000e\000r\000s\000\040\000o\000f\000\040\000O\000n\000t\000a\000r\000i\000o\000\040\000\050\000P\000E\000O\000\051}{subsection.7.2}% 38
\BOOKMARK [3][-]{subsubsection.7.2.2}{\376\377\000M\000i\000n\000i\000s\000t\000r\000y\000\040\000o\000f\000\040\000M\000u\000n\000i\000c\000i\000p\000a\000l\000\040\000A\000f\000f\000a\000i\000r\000s\000\040\000a\000n\000d\000\040\000H\000o\000u\000s\000i\000n\000g\000\040\000\050\000M\000M\000A\000H\000\051}{subsection.7.2}% 39
\BOOKMARK [3][-]{subsubsection.7.2.3}{\376\377\000O\000n\000t\000a\000r\000i\000o\000\040\000B\000u\000i\000l\000d\000i\000n\000g\000\040\000C\000o\000d\000e\000\040\000C\000o\000m\000m\000i\000s\000s\000i\000o\000n\000\040\000\050\000O\000B\000C\000C\000\051}{subsection.7.2}% 40
\BOOKMARK [3][-]{subsubsection.7.2.4}{\376\377\000M\000i\000n\000i\000s\000t\000r\000y\000\040\000o\000f\000\040\000L\000a\000b\000o\000u\000r\000,\000\040\000I\000m\000m\000i\000g\000r\000a\000t\000i\000o\000n\000,\000\040\000T\000r\000a\000i\000n\000i\000n\000g\000\040\000a\000n\000d\000\040\000S\000k\000i\000l\000l\000s\000\040\000D\000e\000v\000e\000l\000o\000p\000m\000e\000n\000t}{subsection.7.2}% 41
\BOOKMARK [3][-]{subsubsection.7.2.5}{\376\377\000M\000i\000n\000i\000s\000t\000r\000y\000\040\000o\000f\000\040\000P\000u\000b\000l\000i\000c\000\040\000a\000n\000d\000\040\000B\000u\000s\000i\000n\000e\000s\000s\000\040\000S\000e\000r\000v\000i\000c\000e\000\040\000D\000e\000l\000i\000v\000e\000r\000y\000\040\000\050\000M\000P\000B\000S\000D\000\051\000\040\000-\000\040\000f\000o\000r\000m\000e\000r\000l\000y\000\040\000M\000i\000n\000i\000s\000t\000r\000y\000\040\000o\000f\000\040\000G\000o\000v\000e\000r\000n\000m\000e\000n\000t\000\040\000a\000n\000d\000\040\000C\000o\000n\000s\000u\000m\000e\000r\000\040\000S\000e\000r\000v\000i\000c\000e\000s\000\040\000\050\000M\000G\000C\000S\000\051}{subsection.7.2}% 42
\BOOKMARK [1][-]{section.8}{\376\377\000A\000f\000t\000e\000r\000m\000a\000t\000h}{}% 43
\BOOKMARK [1][-]{section.9}{\376\377\000C\000o\000n\000c\000l\000u\000s\000i\000o\000n}{}% 44
